08-Jun-2017 20:08:53.861 정보 [main] org.apache.catalina.startup.VersionLoggerListener.log Server version:        Apache Tomcat/8.5.15
08-Jun-2017 20:08:53.872 정보 [main] org.apache.catalina.startup.VersionLoggerListener.log Server built:          May 5 2017 11:03:04 UTC
08-Jun-2017 20:08:53.875 정보 [main] org.apache.catalina.startup.VersionLoggerListener.log Server number:         8.5.15.0
08-Jun-2017 20:08:53.877 정보 [main] org.apache.catalina.startup.VersionLoggerListener.log OS Name:               Windows 7
08-Jun-2017 20:08:53.878 정보 [main] org.apache.catalina.startup.VersionLoggerListener.log OS Version:            6.1
08-Jun-2017 20:08:53.880 정보 [main] org.apache.catalina.startup.VersionLoggerListener.log Architecture:          amd64
08-Jun-2017 20:08:53.881 정보 [main] org.apache.catalina.startup.VersionLoggerListener.log Java Home:             D:\dev\Java\jdk1.8.0_131\jre
08-Jun-2017 20:08:53.883 정보 [main] org.apache.catalina.startup.VersionLoggerListener.log JVM Version:           1.8.0_131-b11
08-Jun-2017 20:08:53.893 정보 [main] org.apache.catalina.startup.VersionLoggerListener.log JVM Vendor:            Oracle Corporation
08-Jun-2017 20:08:53.895 정보 [main] org.apache.catalina.startup.VersionLoggerListener.log CATALINA_BASE:         D:\dev\tomcat\apache-tomcat-8.5.15
08-Jun-2017 20:08:53.897 정보 [main] org.apache.catalina.startup.VersionLoggerListener.log CATALINA_HOME:         D:\dev\tomcat\apache-tomcat-8.5.15
08-Jun-2017 20:08:53.898 정보 [main] org.apache.catalina.startup.VersionLoggerListener.log Command line argument: -Djava.util.logging.config.file=D:\dev\tomcat\apache-tomcat-8.5.15\conf\logging.properties
08-Jun-2017 20:08:53.902 정보 [main] org.apache.catalina.startup.VersionLoggerListener.log Command line argument: -Djava.util.logging.manager=org.apache.juli.ClassLoaderLogManager
08-Jun-2017 20:08:53.908 정보 [main] org.apache.catalina.startup.VersionLoggerListener.log Command line argument: -Djdk.tls.ephemeralDHKeySize=2048
08-Jun-2017 20:08:53.914 정보 [main] org.apache.catalina.startup.VersionLoggerListener.log Command line argument: -Djava.protocol.handler.pkgs=org.apache.catalina.webresources
08-Jun-2017 20:08:53.920 정보 [main] org.apache.catalina.startup.VersionLoggerListener.log Command line argument: -Dcatalina.base=D:\dev\tomcat\apache-tomcat-8.5.15
08-Jun-2017 20:08:53.929 정보 [main] org.apache.catalina.startup.VersionLoggerListener.log Command line argument: -Dcatalina.home=D:\dev\tomcat\apache-tomcat-8.5.15
08-Jun-2017 20:08:53.936 정보 [main] org.apache.catalina.startup.VersionLoggerListener.log Command line argument: -Djava.io.tmpdir=D:\dev\tomcat\apache-tomcat-8.5.15\temp
08-Jun-2017 20:08:53.943 정보 [main] org.apache.catalina.core.AprLifecycleListener.lifecycleEvent Loaded APR based Apache Tomcat Native library [1.2.12] using APR version [1.5.2].
08-Jun-2017 20:08:53.950 정보 [main] org.apache.catalina.core.AprLifecycleListener.lifecycleEvent APR capabilities: IPv6 [true], sendfile [true], accept filters [false], random [true].
08-Jun-2017 20:08:53.957 정보 [main] org.apache.catalina.core.AprLifecycleListener.lifecycleEvent APR/OpenSSL configuration: useAprConnector [false], useOpenSSL [true]
08-Jun-2017 20:08:55.017 정보 [main] org.apache.catalina.core.AprLifecycleListener.initializeSSL OpenSSL successfully initialized [OpenSSL 1.0.2k  26 Jan 2017]
08-Jun-2017 20:08:55.259 정보 [main] org.apache.coyote.AbstractProtocol.init Initializing ProtocolHandler ["http-nio-8080"]
08-Jun-2017 20:08:55.690 정보 [main] org.apache.tomcat.util.net.NioSelectorPool.getSharedSelector Using a shared selector for servlet write/read
08-Jun-2017 20:08:55.727 정보 [main] org.apache.coyote.AbstractProtocol.init Initializing ProtocolHandler ["ajp-nio-8009"]
08-Jun-2017 20:08:55.748 정보 [main] org.apache.tomcat.util.net.NioSelectorPool.getSharedSelector Using a shared selector for servlet write/read
08-Jun-2017 20:08:55.778 정보 [main] org.apache.catalina.startup.Catalina.load Initialization processed in 2572 ms
08-Jun-2017 20:08:55.866 정보 [main] org.apache.catalina.core.StandardService.startInternal Starting service [Catalina]
08-Jun-2017 20:08:55.901 정보 [main] org.apache.catalina.core.StandardEngine.startInternal Starting Servlet Engine: Apache Tomcat/8.5.15
08-Jun-2017 20:08:55.999 정보 [localhost-startStop-1] org.apache.catalina.startup.HostConfig.deployDirectory Deploying web application directory [D:\dev\tomcat\apache-tomcat-8.5.15\webapps\docs]
08-Jun-2017 20:08:56.769 정보 [localhost-startStop-1] org.apache.catalina.startup.HostConfig.deployDirectory Deployment of web application directory [D:\dev\tomcat\apache-tomcat-8.5.15\webapps\docs] has finished in [769] ms
08-Jun-2017 20:08:56.838 정보 [localhost-startStop-1] org.apache.catalina.startup.HostConfig.deployDirectory Deploying web application directory [D:\dev\tomcat\apache-tomcat-8.5.15\webapps\examples]
08-Jun-2017 20:08:57.636 정보 [localhost-startStop-1] org.apache.catalina.startup.HostConfig.deployDirectory Deployment of web application directory [D:\dev\tomcat\apache-tomcat-8.5.15\webapps\examples] has finished in [798] ms
08-Jun-2017 20:08:57.688 정보 [localhost-startStop-1] org.apache.catalina.startup.HostConfig.deployDirectory Deploying web application directory [D:\dev\tomcat\apache-tomcat-8.5.15\webapps\host-manager]
08-Jun-2017 20:08:57.779 정보 [localhost-startStop-1] org.apache.catalina.startup.HostConfig.deployDirectory Deployment of web application directory [D:\dev\tomcat\apache-tomcat-8.5.15\webapps\host-manager] has finished in [92] ms
08-Jun-2017 20:08:57.817 정보 [localhost-startStop-1] org.apache.catalina.startup.HostConfig.deployDirectory Deploying web application directory [D:\dev\tomcat\apache-tomcat-8.5.15\webapps\manager]
08-Jun-2017 20:08:57.916 정보 [localhost-startStop-1] org.apache.catalina.startup.HostConfig.deployDirectory Deployment of web application directory [D:\dev\tomcat\apache-tomcat-8.5.15\webapps\manager] has finished in [99] ms
08-Jun-2017 20:08:57.944 정보 [localhost-startStop-1] org.apache.catalina.startup.HostConfig.deployDirectory Deploying web application directory [D:\dev\tomcat\apache-tomcat-8.5.15\webapps\ROOT]
08-Jun-2017 20:08:58.007 정보 [localhost-startStop-1] org.apache.catalina.startup.HostConfig.deployDirectory Deployment of web application directory [D:\dev\tomcat\apache-tomcat-8.5.15\webapps\ROOT] has finished in [63] ms
08-Jun-2017 20:08:58.052 정보 [main] org.apache.coyote.AbstractProtocol.start Starting ProtocolHandler ["http-nio-8080"]
08-Jun-2017 20:08:58.091 정보 [main] org.apache.coyote.AbstractProtocol.start Starting ProtocolHandler ["ajp-nio-8009"]
08-Jun-2017 20:08:58.123 정보 [main] org.apache.catalina.startup.Catalina.start Server startup in 2321 ms
